[0m21:52:04.273662 [debug] [MainThread]: Sending event: {'category': 'dbt', 'action': 'invocation', 'label': 'start', 'context': [<snowplow_tracker.self_describing_json.SelfDescribingJson object at 0x0000026806314830>, <snowplow_tracker.self_describing_json.SelfDescribingJson object at 0x0000026802BC7250>, <snowplow_tracker.self_describing_json.SelfDescribingJson object at 0x0000026806DC0CD0>]}


============================== 21:52:04.304837 | aac2f9c4-5ab1-4af0-b8b2-5ed918742c48 ==============================
[0m21:52:04.304837 [info ] [MainThread]: Running with dbt=1.11.8
[0m21:52:04.306060 [debug] [MainThread]: running dbt with arguments {'version_check': 'True', 'no_print': 'None', 'static_parser': 'True', 'warn_error_options': 'WarnErrorOptionsV2(error=[], warn=[], silence=[])', 'target_path': 'None', 'printer_width': '80', 'write_json': 'True', 'empty': 'None', 'log_cache_events': 'False', 'introspect': 'True', 'cache_selected_only': 'False', 'log_format': 'default', 'debug': 'False', 'fail_fast': 'False', 'partial_parse': 'True', 'send_anonymous_usage_stats': 'True', 'quiet': 'False', 'warn_error': 'None', 'profiles_dir': 'C:\\Users\\mozil\\.dbt', 'invocation_command': 'dbt init dbt', 'indirect_selection': 'eager', 'use_colors': 'True', 'use_experimental_parser': 'False', 'log_path': 'logs'}
[0m21:52:04.330795 [info ] [MainThread]: Creating dbt configuration folder at C:\Users\mozil\.dbt
[0m21:53:44.684127 [debug] [MainThread]: Starter project path: D:\Projektai\WideWorldImporters-DWH\.venv\Lib\site-packages\dbt\include\starter_project
[0m21:53:44.716271 [info ] [MainThread]: 
Your new dbt project "wideworldimporters_dwh" was created!

For more information on how to configure the profiles.yml file,
please consult the dbt documentation here:

  https://docs.getdbt.com/docs/configure-your-profile

One more thing:

Need help? Don't hesitate to reach out to us via GitHub issues or on Slack:

  https://community.getdbt.com/

Happy modeling!

[0m21:53:44.717078 [info ] [MainThread]: Setting up your profile.
[0m21:54:47.391951 [info ] [MainThread]: Profile wideworldimporters_dwh written to C:\Users\mozil\.dbt\profiles.yml using target's profile_template.yml and your supplied values. Run 'dbt debug' to validate the connection.
[0m21:54:47.393399 [debug] [MainThread]: Command `dbt init` succeeded at 21:54:47.393272 after 163.37 seconds
[0m21:54:47.393767 [debug] [MainThread]: Sending event: {'category': 'dbt', 'action': 'invocation', 'label': 'end', 'context': [<snowplow_tracker.self_describing_json.SelfDescribingJson object at 0x00000268084CAB10>, <snowplow_tracker.self_describing_json.SelfDescribingJson object at 0x00000268084F96D0>, <snowplow_tracker.self_describing_json.SelfDescribingJson object at 0x00000268084D9480>]}
[0m21:54:47.394157 [debug] [MainThread]: Flushing usage events
[0m21:54:48.295605 [debug] [MainThread]: An error was encountered while trying to flush usage events
